[debug] [2021-06-30T17:50:07.084Z] ----------------------------------------------------------------------
[debug] [2021-06-30T17:50:07.085Z] Command:       /usr/local/Cellar/node/15.3.0/bin/node /Users/kylebihler/.npm-global/bin/firebase init
[debug] [2021-06-30T17:50:07.085Z] CLI Version:   9.14.0
[debug] [2021-06-30T17:50:07.085Z] Platform:      darwin
[debug] [2021-06-30T17:50:07.085Z] Node Version:  v15.3.0
[debug] [2021-06-30T17:50:07.086Z] Time:          Wed Jun 30 2021 10:50:07 GMT-0700 (Pacific Daylight Time)
[debug] [2021-06-30T17:50:07.086Z] ----------------------------------------------------------------------
[debug] 
[debug] [2021-06-30T17:50:07.089Z] > command requires scopes: ["email","openid","https://www.googleapis.com/auth/cloudplatformprojects.readonly","https://www.googleapis.com/auth/firebase","https://www.googleapis.com/auth/cloud-platform"]
[debug] [2021-06-30T17:50:07.090Z] > authorizing via signed-in user (kylebihler@gmail.com)
[info] 
     ######## #### ########  ######## ########     ###     ######  ########
     ##        ##  ##     ## ##       ##     ##  ##   ##  ##       ##
     ######    ##  ########  ######   ########  #########  ######  ######
     ##        ##  ##    ##  ##       ##     ## ##     ##       ## ##
     ##       #### ##     ## ######## ########  ##     ##  ######  ########

You're about to initialize a Firebase project in this directory:

  /Users/kylebihler/hubspot/CodeExercise

[info] 
=== Project Setup
[info] 
[info] First, let's associate this project directory with a Firebase project.
[info] You can create multiple project aliases by running firebase use --add, 
[info] but for now we'll just set up a default project.
[info] 
[debug] [2021-06-30T17:50:14.901Z] >>> [apiv2][query] GET https://firebase.googleapis.com/v1beta1/projects pageSize=100
[debug] [2021-06-30T17:50:15.281Z] <<< [apiv2][status] GET https://firebase.googleapis.com/v1beta1/projects 200
[debug] [2021-06-30T17:50:15.281Z] <<< [apiv2][body] GET https://firebase.googleapis.com/v1beta1/projects [omitted]
[info] i  Using project kyle-hubspot (kyle-hubspot) 
[info] 
=== Hosting Setup
[info] 
[info] Your public directory is the folder (relative to your project directory) that
[info] will contain Hosting assets to be uploaded with firebase deploy. If you
[info] have a build process for your assets, use your build's output directory.
[info] 
[debug] [2021-06-30T17:51:25.414Z] >>> [apiv2][query] GET https://www.gstatic.com/firebasejs/releases.json [none]
[debug] [2021-06-30T17:51:25.604Z] <<< [apiv2][status] GET https://www.gstatic.com/firebasejs/releases.json 200
[debug] [2021-06-30T17:51:25.604Z] <<< [apiv2][body] GET https://www.gstatic.com/firebasejs/releases.json {"current":{"version":"8.6.8","browserURL":"https://www.gstatic.com/firebasejs/8.6.8/firebase.js","packageURL":"https://www.gstatic.com/firebasejs/8.6.8/firebase.tgz"},"live":{"version":"8.6","browserURL":"https://www.gstatic.com/firebasejs/live/8.6/firebase.js","packageURL":"https://www.gstatic.com/firebasejs/live/8.6/firebase.tgz"},"components":{"analytics":"https://www.gstatic.com/firebasejs/8.6.8/firebase-analytics.js","app":"https://www.gstatic.com/firebasejs/8.6.8/firebase-app.js","app-check":"https://www.gstatic.com/firebasejs/8.6.8/firebase-app-check.js","auth":"https://www.gstatic.com/firebasejs/8.6.8/firebase-auth.js","database":"https://www.gstatic.com/firebasejs/8.6.8/firebase-database.js","firestore":"https://www.gstatic.com/firebasejs/8.6.8/firebase-firestore.js","functions":"https://www.gstatic.com/firebasejs/8.6.8/firebase-functions.js","installations":"https://www.gstatic.com/firebasejs/8.6.8/firebase-installations.js","messaging":"https://www.gstatic.com/firebasejs/8.6.8/firebase-messaging.js","storage":"https://www.gstatic.com/firebasejs/8.6.8/firebase-storage.js","performance":"https://www.gstatic.com/firebasejs/8.6.8/firebase-performance.js","remote-config":"https://www.gstatic.com/firebasejs/8.6.8/firebase-remote-config.js","firestore.memory":"https://www.gstatic.com/firebasejs/8.6.8/firebase-firestore.memory.js"}}
[info] i  Skipping write of dist/index.html 
[info] 
[info] i  Didn't detect a .git folder. Assuming /Users/kylebihler/hubspot/CodeExercise is the project root. 
[info] i  Authorizing with GitHub to upload your service account to a GitHub repository's secrets store. 
[info] 
[info] Visit this URL on this device to log in:
[info] https://github.com/login/oauth/authorize?client_id=89cf50f02ac6aaed3484&state=941757387&redirect_uri=http%3A%2F%2Flocalhost%3A9005&scope=read%3Auser%20repo%20public_repo
[info] 
[info] Waiting for authentication...
[debug] [2021-06-30T17:51:42.522Z] >>> HTTP REQUEST POST https://github.com/login/oauth/access_token  
 {"client_id":"89cf50f02ac6aaed3484","client_secret":"3330d14abc895d9a74d5f17cd7a00711fa2c5bf0","code":"87a5fb40927d5283f57e","redirect_uri":"http://localhost:9005","state":"941757387"}
[debug] [2021-06-30T17:51:42.878Z] <<< HTTP RESPONSE 200 {"server":"GitHub.com","date":"Wed, 30 Jun 2021 17:51:42 GMT","content-type":"application/json; charset=utf-8","transfer-encoding":"chunked","vary":"X-PJAX, Accept-Encoding, Accept, X-Requested-With","permissions-policy":"interest-cohort=()","etag":"W/\"1d381191e1557d0abf6e45f8fe4b8e76\"","cache-control":"max-age=0, private, must-revalidate","strict-transport-security":"max-age=31536000; includeSubdomains; preload","x-frame-options":"deny","x-content-type-options":"nosniff","x-xss-protection":"0","referrer-policy":"origin-when-cross-origin, strict-origin-when-cross-origin","expect-ct":"max-age=2592000, report-uri=\"https://api.github.com/_private/browser/errors\"","content-security-policy":"default-src 'none'; base-uri 'self'; block-all-mixed-content; connect-src 'self' uploads.github.com www.githubstatus.com collector.githubapp.com api.github.com github-cloud.s3.amazonaws.com github-production-repository-file-5c1aeb.s3.amazonaws.com github-production-upload-manifest-file-7fdce7.s3.amazonaws.com github-production-user-asset-6210df.s3.amazonaws.com cdn.optimizely.com logx.optimizely.com/v1/events translator.github.com wss://alive.github.com; font-src github.githubassets.com; form-action 'self' github.com gist.github.com; frame-ancestors 'none'; frame-src render.githubusercontent.com render-temp.githubusercontent.com viewscreen.githubusercontent.com; img-src 'self' data: github.githubassets.com identicons.github.com collector.githubapp.com github-cloud.s3.amazonaws.com secured-user-images.githubusercontent.com/ *.githubusercontent.com; manifest-src 'self'; media-src 'none'; script-src github.githubassets.com; style-src 'unsafe-inline' github.githubassets.com; worker-src github.com/socket-worker-3f088aa2.js gist.github.com/socket-worker-3f088aa2.js","x-github-request-id":"C623:5984:AC4AEA:B977DB:60DCAF2E"}
[debug] [2021-06-30T17:51:42.880Z] >>> [apiv2][query] GET https://api.github.com/user [none]
[debug] [2021-06-30T17:51:43.291Z] <<< [apiv2][status] GET https://api.github.com/user 200
[debug] [2021-06-30T17:51:43.291Z] <<< [apiv2][body] GET https://api.github.com/user {"login":"kbihler","id":12074710,"node_id":"MDQ6VXNlcjEyMDc0NzEw","avatar_url":"https://avatars.githubusercontent.com/u/12074710?v=4","gravatar_id":"","url":"https://api.github.com/users/kbihler","html_url":"https://github.com/kbihler","followers_url":"https://api.github.com/users/kbihler/followers","following_url":"https://api.github.com/users/kbihler/following{/other_user}","gists_url":"https://api.github.com/users/kbihler/gists{/gist_id}","starred_url":"https://api.github.com/users/kbihler/starred{/owner}{/repo}","subscriptions_url":"https://api.github.com/users/kbihler/subscriptions","organizations_url":"https://api.github.com/users/kbihler/orgs","repos_url":"https://api.github.com/users/kbihler/repos","events_url":"https://api.github.com/users/kbihler/events{/privacy}","received_events_url":"https://api.github.com/users/kbihler/received_events","type":"User","site_admin":false,"name":"Kyle Bihler","company":"Aktivly","blog":"https://www.aktivly.com","location":"Reno, NV","email":null,"hireable":true,"bio":null,"twitter_username":"kylebihler","public_repos":25,"public_gists":3,"followers":0,"following":2,"created_at":"2015-04-22T21:04:33Z","updated_at":"2021-06-30T17:51:42Z","private_gists":1,"total_private_repos":12,"owned_private_repos":12,"disk_usage":313244,"collaborators":0,"two_factor_authentication":true,"plan":{"name":"free","space":976562499,"collaborators":0,"private_repos":10000}}
[info] 
[info] ✔  Success! Logged into GitHub as kbihler 
[info] 
